<?xml version="1.0" encoding="UTF-8"?>
<!-- Generated by org.testng.reporters.JUnitReportReporter -->
<testsuite hostname="DESKTOP-R99HG8B" failures="0" tests="2" name="vTEST.GitCode.TestA" time="0.019" errors="0" timestamp="2022-12-10T10:32:00 IST" skipped="0">
  <testcase classname="vTEST.GitCode.TestA" name="Test2" time="0.005"/>
  <system-out/>
  <testcase classname="vTEST.GitCode.TestA" name="Test1" time="0.014"/>
  <system-out/>
</testsuite> <!-- vTEST.GitCode.TestA -->
